Semantic processing of module Integers
Semantic processing of module TLC
Semantic processing of module MultiPaxos
Semantic processing of module MultiPaxos_MC
Starting... (2026-05-04 01:08:15)
Computing initial states...
Finished computing initial states: 1 distinct state generated at 2026-05-04 01:08:18.
Progress(10) at 2026-05-04 01:08:21: 14,906 states generated (14,906 s/min), 1,740 distinct states found (1,740 ds/min), 946 states left on queue.
Progress(24) at 2026-05-04 01:09:21: 50,857,637 states generated (50,842,731 s/min), 5,808,106 distinct states found (5,806,366 ds/min), 1,951,122 states left on queue.
Progress(27) at 2026-05-04 01:10:21: 117,862,246 states generated (67,004,609 s/min), 12,766,465 distinct states found (6,958,359 ds/min), 3,611,132 states left on queue.
Progress(28) at 2026-05-04 01:11:21: 183,590,756 states generated (65,728,510 s/min), 19,737,937 distinct states found (6,971,472 ds/min), 5,255,764 states left on queue.
Progress(29) at 2026-05-04 01:12:21: 248,135,054 states generated (64,544,298 s/min), 26,790,642 distinct states found (7,052,705 ds/min), 6,963,850 states left on queue.
Progress(29) at 2026-05-04 01:13:21: 312,384,376 states generated (64,249,322 s/min), 33,796,327 distinct states found (7,005,685 ds/min), 8,482,264 states left on queue.
Progress(30) at 2026-05-04 01:14:21: 375,013,495 states generated (62,629,119 s/min), 40,559,652 distinct states found (6,763,325 ds/min), 9,682,917 states left on queue.
Progress(31) at 2026-05-04 01:15:21: 437,995,180 states generated (62,981,685 s/min), 46,942,556 distinct states found (6,382,904 ds/min), 10,262,630 states left on queue.
Progress(31) at 2026-05-04 01:16:21: 500,720,717 states generated (62,725,537 s/min), 53,454,563 distinct states found (6,512,007 ds/min), 11,009,446 states left on queue.
Progress(32) at 2026-05-04 01:17:21: 562,726,332 states generated (62,005,615 s/min), 59,201,973 distinct states found (5,747,410 ds/min), 10,702,474 states left on queue.
Progress(32) at 2026-05-04 01:18:21: 625,473,410 states generated (62,747,078 s/min), 65,102,871 distinct states found (5,900,898 ds/min), 10,542,705 states left on queue.
Progress(33) at 2026-05-04 01:19:21: 686,967,011 states generated (61,493,601 s/min), 70,515,331 distinct states found (5,412,460 ds/min), 9,811,449 states left on queue.
Progress(33) at 2026-05-04 01:20:21: 749,424,925 states generated (62,457,914 s/min), 75,615,057 distinct states found (5,099,726 ds/min), 8,594,907 states left on queue.
Progress(33) at 2026-05-04 01:21:21: 811,307,702 states generated (61,882,777 s/min), 80,441,299 distinct states found (4,826,242 ds/min), 7,062,018 states left on queue.
Progress(34) at 2026-05-04 01:22:21: 873,166,038 states generated (61,858,336 s/min), 84,514,770 distinct states found (4,073,471 ds/min), 4,625,361 states left on queue.
Progress(34) at 2026-05-04 01:23:21: 935,306,696 states generated (62,140,658 s/min), 87,662,207 distinct states found (3,147,437 ds/min), 1,097,356 states left on queue.
Model checking completed. No error has been found.
  Estimates of the probability that TLC did not check all reachable states
  because two distinct states had the same fingerprint:
  calculated (optimistic):  val = .0041
  based on the actual fingerprints:  val = .0017
949163543 states generated, 88083736 distinct states found, 0 states left on queue.
The depth of the complete state graph search is 38.
The average outdegree of the complete state graph is 1 (minimum is 0, the maximum 31 and the 95th percentile is 5).
Finished in 15min 26s at (2026-05-04 01:23:41)
