Parsing file /tmp/FiniteSets.tla
Parsing file /tmp/Integers.tla
Parsing file /tmp/TLC.tla
Parsing file /tmp/Naturals.tla
Parsing file /tmp/Sequences.tla
Semantic processing of module Naturals
Semantic processing of module Sequences
Semantic processing of module FiniteSets
Semantic processing of module Integers
Semantic processing of module TLC
Semantic processing of module LeaseProtocol
Semantic processing of module LeaseProtocol_MC
Starting... (2026-05-04 19:35:45)
Computing initial states...
Finished computing initial states: 1 distinct state generated at 2026-05-04 19:35:49.
Progress(16) at 2026-05-04 19:35:52: 2,612,160 states generated (2,612,160 s/min), 863,925 distinct states found (863,925 ds/min), 494,029 states left on queue.
Progress(20) at 2026-05-04 19:36:52: 54,347,264 states generated (51,735,104 s/min), 18,903,566 distinct states found (18,039,641 ds/min), 8,675,101 states left on queue.
Progress(21) at 2026-05-04 19:37:52: 106,608,003 states generated (52,260,739 s/min), 37,686,640 distinct states found (18,783,074 ds/min), 16,107,120 states left on queue.
Progress(22) at 2026-05-04 19:38:52: 154,735,380 states generated (48,127,377 s/min), 55,319,781 distinct states found (17,633,141 ds/min), 22,445,675 states left on queue.
Progress(23) at 2026-05-04 19:39:52: 202,426,950 states generated (47,691,570 s/min), 72,748,403 distinct states found (17,428,622 ds/min), 28,030,304 states left on queue.
Progress(23) at 2026-05-04 19:40:52: 247,990,022 states generated (45,563,072 s/min), 89,852,871 distinct states found (17,104,468 ds/min), 33,865,567 states left on queue.
Progress(24) at 2026-05-04 19:41:52: 295,547,805 states generated (47,557,783 s/min), 107,285,878 distinct states found (17,433,007 ds/min), 38,930,836 states left on queue.
Progress(24) at 2026-05-04 19:42:52: 340,519,052 states generated (44,971,247 s/min), 124,383,475 distinct states found (17,097,597 ds/min), 43,832,684 states left on queue.
Progress(24) at 2026-05-04 19:43:53: 388,806,661 states generated (48,287,609 s/min), 142,498,884 distinct states found (18,115,409 ds/min), 49,330,722 states left on queue.
Progress(25) at 2026-05-04 19:44:53: 436,863,341 states generated (48,056,680 s/min), 160,198,338 distinct states found (17,699,454 ds/min), 53,564,177 states left on queue.
Progress(25) at 2026-05-04 19:45:53: 480,342,314 states generated (43,478,973 s/min), 176,893,295 distinct states found (16,694,957 ds/min), 57,676,329 states left on queue.
Progress(25) at 2026-05-04 19:46:53: 524,714,101 states generated (44,371,787 s/min), 193,793,389 distinct states found (16,900,094 ds/min), 62,126,965 states left on queue.
Progress(25) at 2026-05-04 19:47:53: 568,841,992 states generated (44,127,891 s/min), 210,339,292 distinct states found (16,545,903 ds/min), 66,245,945 states left on queue.
Progress(26) at 2026-05-04 19:48:53: 612,222,245 states generated (43,380,253 s/min), 226,346,987 distinct states found (16,007,695 ds/min), 69,540,973 states left on queue.
Progress(26) at 2026-05-04 19:49:53: 642,459,725 states generated (30,237,480 s/min), 237,895,079 distinct states found (11,548,092 ds/min), 71,252,367 states left on queue.
Progress(26) at 2026-05-04 19:50:53: 684,378,626 states generated (41,918,901 s/min), 254,162,343 distinct states found (16,267,264 ds/min), 74,975,766 states left on queue.
Progress(26) at 2026-05-04 19:51:53: 726,699,945 states generated (42,321,319 s/min), 270,282,332 distinct states found (16,119,989 ds/min), 78,504,141 states left on queue.
Progress(26) at 2026-05-04 19:52:53: 769,851,242 states generated (43,151,297 s/min), 286,542,245 distinct states found (16,259,913 ds/min), 81,752,479 states left on queue.
Progress(26) at 2026-05-04 19:53:53: 813,607,524 states generated (43,756,282 s/min), 302,801,610 distinct states found (16,259,365 ds/min), 85,102,946 states left on queue.
Progress(27) at 2026-05-04 19:54:53: 853,704,488 states generated (40,096,964 s/min), 317,893,279 distinct states found (15,091,669 ds/min), 86,915,028 states left on queue.
Progress(27) at 2026-05-04 19:55:53: 892,672,293 states generated (38,967,805 s/min), 333,041,013 distinct states found (15,147,734 ds/min), 89,416,805 states left on queue.
Progress(27) at 2026-05-04 19:56:53: 931,884,789 states generated (39,212,496 s/min), 348,196,203 distinct states found (15,155,190 ds/min), 91,858,278 states left on queue.
Progress(27) at 2026-05-04 19:57:53: 972,525,390 states generated (40,640,601 s/min), 363,720,705 distinct states found (15,524,502 ds/min), 94,667,449 states left on queue.
Progress(27) at 2026-05-04 19:58:53: 1,012,923,213 states generated (40,397,823 s/min), 378,875,237 distinct states found (15,154,532 ds/min), 96,894,148 states left on queue.
Progress(27) at 2026-05-04 19:59:53: 1,053,907,111 states generated (40,983,898 s/min), 394,513,783 distinct states found (15,638,546 ds/min), 99,536,117 states left on queue.
Progress(27) at 2026-05-04 20:00:53: 1,094,776,607 states generated (40,869,496 s/min), 409,578,852 distinct states found (15,065,069 ds/min), 101,515,174 states left on queue.
Progress(28) at 2026-05-04 20:01:53: 1,132,374,305 states generated (37,597,698 s/min), 424,015,570 distinct states found (14,436,718 ds/min), 102,324,905 states left on queue.
Progress(28) at 2026-05-04 20:02:53: 1,170,948,247 states generated (38,573,942 s/min), 439,037,300 distinct states found (15,021,730 ds/min), 104,532,047 states left on queue.
Progress(28) at 2026-05-04 20:03:53: 1,209,052,608 states generated (38,104,361 s/min), 453,758,317 distinct states found (14,721,017 ds/min), 106,091,313 states left on queue.
Progress(28) at 2026-05-04 20:04:53: 1,248,603,528 states generated (39,550,920 s/min), 468,954,482 distinct states found (15,196,165 ds/min), 108,427,150 states left on queue.
Checkpointing of run /home/ubuntu/tlc-states/0504-123541/26-05-04-19-35-44
Checkpointing completed at (2026-05-04 20:05:53)
Progress(28) at 2026-05-04 20:05:53: 1,287,453,958 states generated (38,850,430 s/min), 483,469,238 distinct states found (14,514,756 ds/min), 109,782,589 states left on queue.
Progress(28) at 2026-05-04 20:06:53: 1,326,920,947 states generated (39,466,989 s/min), 498,511,304 distinct states found (15,042,066 ds/min), 111,442,123 states left on queue.
Progress(28) at 2026-05-04 20:07:53: 1,367,179,111 states generated (40,258,164 s/min), 513,695,229 distinct states found (15,183,925 ds/min), 113,159,785 states left on queue.
Progress(28) at 2026-05-04 20:08:53: 1,405,386,849 states generated (38,207,738 s/min), 527,930,897 distinct states found (14,235,668 ds/min), 113,980,458 states left on queue.
Progress(29) at 2026-05-04 20:09:53: 1,439,863,680 states generated (34,476,831 s/min), 541,232,499 distinct states found (13,301,602 ds/min), 114,013,596 states left on queue.
Progress(29) at 2026-05-04 20:10:53: 1,477,087,319 states generated (37,223,639 s/min), 555,698,249 distinct states found (14,465,750 ds/min), 115,697,588 states left on queue.
Progress(29) at 2026-05-04 20:11:53: 1,512,427,039 states generated (35,339,720 s/min), 569,322,846 distinct states found (13,624,597 ds/min), 116,406,765 states left on queue.
Progress(29) at 2026-05-04 20:12:53: 1,550,242,995 states generated (37,815,956 s/min), 583,864,435 distinct states found (14,541,589 ds/min), 118,166,445 states left on queue.
Progress(29) at 2026-05-04 20:13:53: 1,586,344,465 states generated (36,101,470 s/min), 597,421,430 distinct states found (13,556,995 ds/min), 118,571,160 states left on queue.
Progress(29) at 2026-05-04 20:14:53: 1,621,181,072 states generated (34,836,607 s/min), 610,521,166 distinct states found (13,099,736 ds/min), 119,056,002 states left on queue.
Progress(29) at 2026-05-04 20:15:53: 1,655,839,022 states generated (34,657,950 s/min), 623,749,392 distinct states found (13,228,226 ds/min), 120,057,040 states left on queue.
Progress(29) at 2026-05-04 20:16:53: 1,690,355,111 states generated (34,516,089 s/min), 636,677,472 distinct states found (12,928,080 ds/min), 120,825,665 states left on queue.
Progress(29) at 2026-05-04 20:17:53: 1,724,439,052 states generated (34,083,941 s/min), 649,420,130 distinct states found (12,742,658 ds/min), 120,909,821 states left on queue.
Progress(30) at 2026-05-04 20:18:53: 1,745,763,704 states generated (21,324,652 s/min), 657,632,625 distinct states found (8,212,495 ds/min), 120,398,848 states left on queue.
Progress(30) at 2026-05-04 20:19:53: 1,768,349,118 states generated (22,585,414 s/min), 666,340,605 distinct states found (8,707,980 ds/min), 120,438,676 states left on queue.
Progress(30) at 2026-05-04 20:20:53: 1,793,071,759 states generated (24,722,641 s/min), 675,958,119 distinct states found (9,617,514 ds/min), 121,244,711 states left on queue.
Progress(30) at 2026-05-04 20:21:53: 1,817,215,074 states generated (24,143,315 s/min), 685,162,418 distinct states found (9,204,299 ds/min), 121,631,317 states left on queue.
Progress(30) at 2026-05-04 20:22:53: 1,840,261,756 states generated (23,046,682 s/min), 694,103,425 distinct states found (8,941,007 ds/min), 121,529,109 states left on queue.
Progress(30) at 2026-05-04 20:23:53: 1,866,316,694 states generated (26,054,938 s/min), 704,146,798 distinct states found (10,043,373 ds/min), 122,484,699 states left on queue.
Progress(30) at 2026-05-04 20:24:53: 1,897,725,080 states generated (31,408,386 s/min), 715,967,848 distinct states found (11,821,050 ds/min), 122,335,841 states left on queue.
Progress(30) at 2026-05-04 20:25:53: 1,920,058,966 states generated (22,333,886 s/min), 724,213,877 distinct states found (8,246,029 ds/min), 122,057,480 states left on queue.
Progress(30) at 2026-05-04 20:26:53: 1,943,667,357 states generated (23,608,391 s/min), 733,159,073 distinct states found (8,945,196 ds/min), 121,984,161 states left on queue.
Progress(30) at 2026-05-04 20:27:53: 1,967,494,789 states generated (23,827,432 s/min), 742,153,887 distinct states found (8,994,814 ds/min), 122,122,546 states left on queue.
Progress(30) at 2026-05-04 20:28:53: 1,995,214,128 states generated (27,719,339 s/min), 752,725,361 distinct states found (10,571,474 ds/min), 122,597,427 states left on queue.
Progress(30) at 2026-05-04 20:29:53: 2,021,825,688 states generated (26,611,560 s/min), 762,588,826 distinct states found (9,863,465 ds/min), 122,293,824 states left on queue.
Progress(30) at 2026-05-04 20:30:53: 2,044,699,898 states generated (22,874,210 s/min), 771,198,303 distinct states found (8,609,477 ds/min), 121,958,936 states left on queue.
Progress(31) at 2026-05-04 20:31:53: 2,064,009,759 states generated (19,309,861 s/min), 778,599,372 distinct states found (7,401,069 ds/min), 121,097,814 states left on queue.
Progress(31) at 2026-05-04 20:32:53: 2,085,142,901 states generated (21,133,142 s/min), 786,730,357 distinct states found (8,130,985 ds/min), 120,764,061 states left on queue.
Progress(31) at 2026-05-04 20:33:53: 2,107,171,272 states generated (22,028,371 s/min), 795,225,452 distinct states found (8,495,095 ds/min), 120,979,087 states left on queue.
Progress(31) at 2026-05-04 20:34:53: 2,129,944,530 states generated (22,773,258 s/min), 803,958,128 distinct states found (8,732,676 ds/min), 121,168,666 states left on queue.
Checkpointing of run /home/ubuntu/tlc-states/0504-123541/26-05-04-19-35-44
Checkpointing completed at (2026-05-04 20:35:57)
Progress(31) at 2026-05-04 20:35:57: 2,151,157,021 states generated (21,212,491 s/min), 812,099,191 distinct states found (8,141,063 ds/min), 120,445,209 states left on queue.
Progress(31) at 2026-05-04 20:36:57: 2,178,039,985 states generated (26,882,964 s/min), 822,451,562 distinct states found (10,352,371 ds/min), 120,774,614 states left on queue.
Progress(31) at 2026-05-04 20:37:57: 2,201,284,567 states generated (23,244,582 s/min), 831,239,986 distinct states found (8,788,424 ds/min), 120,539,621 states left on queue.
Progress(31) at 2026-05-04 20:38:57: 2,224,344,469 states generated (23,059,902 s/min), 839,713,367 distinct states found (8,473,381 ds/min), 119,649,541 states left on queue.
Progress(31) at 2026-05-04 20:39:57: 2,245,228,693 states generated (20,884,224 s/min), 847,523,178 distinct states found (7,809,811 ds/min), 119,105,016 states left on queue.
Progress(31) at 2026-05-04 20:40:57: 2,266,258,342 states generated (21,029,649 s/min), 855,470,883 distinct states found (7,947,705 ds/min), 118,672,698 states left on queue.
Progress(31) at 2026-05-04 20:41:57: 2,288,639,898 states generated (22,381,556 s/min), 863,988,080 distinct states found (8,517,197 ds/min), 118,586,383 states left on queue.
Progress(31) at 2026-05-04 20:42:57: 2,311,180,832 states generated (22,540,934 s/min), 872,500,894 distinct states found (8,512,814 ds/min), 118,508,792 states left on queue.
Progress(31) at 2026-05-04 20:43:57: 2,332,051,832 states generated (20,871,000 s/min), 880,209,253 distinct states found (7,708,359 ds/min), 117,796,484 states left on queue.
Progress(31) at 2026-05-04 20:44:57: 2,352,434,488 states generated (20,382,656 s/min), 887,852,388 distinct states found (7,643,135 ds/min), 117,156,386 states left on queue.
Progress(32) at 2026-05-04 20:45:57: 2,371,426,942 states generated (18,992,454 s/min), 895,086,534 distinct states found (7,234,146 ds/min), 115,925,610 states left on queue.
Progress(32) at 2026-05-04 20:46:57: 2,392,139,223 states generated (20,712,281 s/min), 902,991,886 distinct states found (7,905,352 ds/min), 115,180,197 states left on queue.
Progress(32) at 2026-05-04 20:47:57: 2,414,348,351 states generated (22,209,128 s/min), 911,519,081 distinct states found (8,527,195 ds/min), 115,031,648 states left on queue.
Progress(32) at 2026-05-04 20:48:57: 2,437,378,656 states generated (23,030,305 s/min), 920,269,120 distinct states found (8,750,039 ds/min), 114,738,150 states left on queue.
Progress(32) at 2026-05-04 20:49:57: 2,465,759,400 states generated (28,380,744 s/min), 931,135,369 distinct states found (10,866,249 ds/min), 113,546,370 states left on queue.
Progress(32) at 2026-05-04 20:50:57: 2,498,408,453 states generated (32,649,053 s/min), 943,533,402 distinct states found (12,398,033 ds/min), 113,112,638 states left on queue.
Progress(32) at 2026-05-04 20:51:57: 2,517,102,067 states generated (18,693,614 s/min), 950,381,924 distinct states found (6,848,522 ds/min), 111,937,628 states left on queue.
Progress(32) at 2026-05-04 20:52:57: 2,538,522,795 states generated (21,420,728 s/min), 958,332,854 distinct states found (7,950,930 ds/min), 110,876,985 states left on queue.
Progress(32) at 2026-05-04 20:53:57: 2,557,369,012 states generated (18,846,217 s/min), 965,414,251 distinct states found (7,081,397 ds/min), 110,102,866 states left on queue.
Progress(32) at 2026-05-04 20:54:57: 2,579,397,549 states generated (22,028,537 s/min), 973,770,083 distinct states found (8,355,832 ds/min), 109,613,850 states left on queue.
Progress(32) at 2026-05-04 20:55:57: 2,601,120,658 states generated (21,723,109 s/min), 981,927,797 distinct states found (8,157,714 ds/min), 109,109,818 states left on queue.
Progress(32) at 2026-05-04 20:56:57: 2,622,145,700 states generated (21,025,042 s/min), 989,672,651 distinct states found (7,744,854 ds/min), 107,945,075 states left on queue.
Progress(33) at 2026-05-04 20:57:57: 2,641,709,082 states generated (19,563,382 s/min), 997,023,413 distinct states found (7,350,762 ds/min), 106,811,733 states left on queue.
Progress(33) at 2026-05-04 20:58:57: 2,663,172,184 states generated (21,463,102 s/min), 1,005,186,402 distinct states found (8,162,989 ds/min), 105,286,766 states left on queue.
Progress(33) at 2026-05-04 20:59:57: 2,690,660,382 states generated (27,488,198 s/min), 1,015,614,821 distinct states found (10,428,419 ds/min), 104,310,033 states left on queue.
Progress(33) at 2026-05-04 21:00:57: 2,711,360,843 states generated (20,700,461 s/min), 1,023,465,524 distinct states found (7,850,703 ds/min), 103,720,480 states left on queue.
Progress(33) at 2026-05-04 21:01:57: 2,730,183,620 states generated (18,822,777 s/min), 1,030,613,915 distinct states found (7,148,391 ds/min), 102,391,968 states left on queue.
Progress(33) at 2026-05-04 21:02:57: 2,750,663,091 states generated (20,479,471 s/min), 1,038,403,832 distinct states found (7,789,917 ds/min), 101,899,142 states left on queue.
Progress(33) at 2026-05-04 21:03:57: 2,770,987,143 states generated (20,324,052 s/min), 1,045,988,017 distinct states found (7,584,185 ds/min), 100,767,069 states left on queue.
Progress(33) at 2026-05-04 21:04:57: 2,790,151,189 states generated (19,164,046 s/min), 1,052,967,472 distinct states found (6,979,455 ds/min), 99,161,286 states left on queue.
Checkpointing of run /home/ubuntu/tlc-states/0504-123541/26-05-04-19-35-44
Checkpointing completed at (2026-05-04 21:05:59)
Progress(33) at 2026-05-04 21:05:59: 2,813,109,854 states generated (22,958,665 s/min), 1,061,551,122 distinct states found (8,583,650 ds/min), 97,747,348 states left on queue.
Progress(33) at 2026-05-04 21:06:59: 2,842,188,902 states generated (29,079,048 s/min), 1,072,529,446 distinct states found (10,978,324 ds/min), 96,632,944 states left on queue.
Progress(33) at 2026-05-04 21:07:59: 2,867,455,135 states generated (25,266,233 s/min), 1,081,850,925 distinct states found (9,321,479 ds/min), 94,957,248 states left on queue.
Progress(34) at 2026-05-04 21:08:59: 2,889,353,573 states generated (21,898,438 s/min), 1,089,973,602 distinct states found (8,122,677 ds/min), 93,358,519 states left on queue.
Progress(34) at 2026-05-04 21:09:59: 2,907,437,761 states generated (18,084,188 s/min), 1,096,813,257 distinct states found (6,839,655 ds/min), 91,692,380 states left on queue.
Progress(34) at 2026-05-04 21:10:59: 2,928,918,215 states generated (21,480,454 s/min), 1,104,874,859 distinct states found (8,061,602 ds/min), 90,536,307 states left on queue.
Progress(34) at 2026-05-04 21:11:59: 2,956,827,132 states generated (27,908,917 s/min), 1,115,434,356 distinct states found (10,559,497 ds/min), 88,681,355 states left on queue.
Progress(34) at 2026-05-04 21:12:59: 2,973,927,766 states generated (17,100,634 s/min), 1,121,881,452 distinct states found (6,447,096 ds/min), 87,567,273 states left on queue.
Progress(34) at 2026-05-04 21:13:59: 2,994,286,063 states generated (20,358,297 s/min), 1,129,524,578 distinct states found (7,643,126 ds/min), 86,586,409 states left on queue.
Progress(34) at 2026-05-04 21:14:59: 3,011,209,336 states generated (16,923,273 s/min), 1,135,667,261 distinct states found (6,142,683 ds/min), 84,748,535 states left on queue.
Progress(34) at 2026-05-04 21:15:59: 3,028,338,264 states generated (17,128,928 s/min), 1,142,017,390 distinct states found (6,350,129 ds/min), 83,211,542 states left on queue.
Progress(34) at 2026-05-04 21:16:59: 3,056,086,263 states generated (27,747,999 s/min), 1,152,413,023 distinct states found (10,395,633 ds/min), 81,498,019 states left on queue.
Progress(34) at 2026-05-04 21:17:59: 3,085,123,891 states generated (29,037,628 s/min), 1,163,087,187 distinct states found (10,674,164 ds/min), 79,129,259 states left on queue.
Progress(35) at 2026-05-04 21:18:59: 3,101,915,502 states generated (16,791,611 s/min), 1,169,321,430 distinct states found (6,234,243 ds/min), 77,488,273 states left on queue.
Progress(35) at 2026-05-04 21:19:59: 3,118,869,681 states generated (16,954,179 s/min), 1,175,653,299 distinct states found (6,331,869 ds/min), 75,759,195 states left on queue.
Progress(35) at 2026-05-04 21:20:59: 3,136,950,504 states generated (18,080,823 s/min), 1,182,421,160 distinct states found (6,767,861 ds/min), 74,408,790 states left on queue.
Progress(35) at 2026-05-04 21:21:59: 3,154,762,633 states generated (17,812,129 s/min), 1,189,124,572 distinct states found (6,703,412 ds/min), 72,862,856 states left on queue.
Progress(35) at 2026-05-04 21:22:59: 3,173,514,228 states generated (18,751,595 s/min), 1,196,149,199 distinct states found (7,024,627 ds/min), 71,548,016 states left on queue.
Progress(35) at 2026-05-04 21:23:59: 3,190,769,405 states generated (17,255,177 s/min), 1,202,489,238 distinct states found (6,340,039 ds/min), 69,884,479 states left on queue.
Progress(35) at 2026-05-04 21:24:59: 3,206,854,486 states generated (16,085,081 s/min), 1,208,351,989 distinct states found (5,862,751 ds/min), 67,965,320 states left on queue.
Progress(35) at 2026-05-04 21:25:59: 3,223,900,633 states generated (17,046,147 s/min), 1,214,633,049 distinct states found (6,281,060 ds/min), 66,283,263 states left on queue.
Progress(35) at 2026-05-04 21:26:59: 3,241,227,450 states generated (17,326,817 s/min), 1,221,119,336 distinct states found (6,486,287 ds/min), 65,022,902 states left on queue.
Progress(35) at 2026-05-04 21:27:59: 3,259,627,679 states generated (18,400,229 s/min), 1,227,828,287 distinct states found (6,708,951 ds/min), 63,061,736 states left on queue.
Progress(36) at 2026-05-04 21:28:59: 3,278,774,922 states generated (19,147,243 s/min), 1,234,909,829 distinct states found (7,081,542 ds/min), 60,701,471 states left on queue.
Progress(36) at 2026-05-04 21:29:59: 3,297,719,572 states generated (18,944,650 s/min), 1,241,954,667 distinct states found (7,044,838 ds/min), 58,797,063 states left on queue.
Progress(36) at 2026-05-04 21:30:59: 3,317,987,378 states generated (20,267,806 s/min), 1,249,495,341 distinct states found (7,540,674 ds/min), 56,613,819 states left on queue.
Progress(36) at 2026-05-04 21:31:59: 3,339,528,737 states generated (21,541,359 s/min), 1,257,411,306 distinct states found (7,915,965 ds/min), 54,343,013 states left on queue.
Progress(36) at 2026-05-04 21:32:59: 3,353,817,026 states generated (14,288,289 s/min), 1,262,611,823 distinct states found (5,200,517 ds/min), 52,378,572 states left on queue.
Progress(36) at 2026-05-04 21:33:59: 3,371,024,365 states generated (17,207,339 s/min), 1,268,993,381 distinct states found (6,381,558 ds/min), 50,709,803 states left on queue.
Progress(36) at 2026-05-04 21:34:59: 3,386,355,326 states generated (15,330,961 s/min), 1,274,558,905 distinct states found (5,565,524 ds/min), 48,827,489 states left on queue.
Checkpointing of run /home/ubuntu/tlc-states/0504-123541/26-05-04-19-35-44
Checkpointing completed at (2026-05-04 21:36:02)
Progress(37) at 2026-05-04 21:36:02: 3,401,012,635 states generated (14,657,309 s/min), 1,279,937,875 distinct states found (5,378,970 ds/min), 46,782,970 states left on queue.
Progress(37) at 2026-05-04 21:37:02: 3,420,250,476 states generated (19,237,841 s/min), 1,287,040,896 distinct states found (7,103,021 ds/min), 44,467,255 states left on queue.
Progress(37) at 2026-05-04 21:38:02: 3,435,971,353 states generated (15,720,877 s/min), 1,292,830,348 distinct states found (5,789,452 ds/min), 42,424,610 states left on queue.
Progress(37) at 2026-05-04 21:39:02: 3,450,636,295 states generated (14,664,942 s/min), 1,298,189,867 distinct states found (5,359,519 ds/min), 40,542,442 states left on queue.
Progress(37) at 2026-05-04 21:40:02: 3,468,031,782 states generated (17,395,487 s/min), 1,304,490,296 distinct states found (6,300,429 ds/min), 37,918,005 states left on queue.
Progress(37) at 2026-05-04 21:41:02: 3,483,370,172 states generated (15,338,390 s/min), 1,310,114,103 distinct states found (5,623,807 ds/min), 36,058,636 states left on queue.
Progress(37) at 2026-05-04 21:42:02: 3,497,183,321 states generated (13,813,149 s/min), 1,315,132,445 distinct states found (5,018,342 ds/min), 33,895,477 states left on queue.
Progress(37) at 2026-05-04 21:43:02: 3,513,517,414 states generated (16,334,093 s/min), 1,321,134,017 distinct states found (6,001,572 ds/min), 31,537,781 states left on queue.
Progress(38) at 2026-05-04 21:44:02: 3,527,837,914 states generated (14,320,500 s/min), 1,326,370,126 distinct states found (5,236,109 ds/min), 29,556,927 states left on queue.
Progress(38) at 2026-05-04 21:45:02: 3,550,895,947 states generated (23,058,033 s/min), 1,334,709,598 distinct states found (8,339,472 ds/min), 25,809,575 states left on queue.
Progress(38) at 2026-05-04 21:46:02: 3,563,729,161 states generated (12,833,214 s/min), 1,339,338,069 distinct states found (4,628,471 ds/min), 23,511,942 states left on queue.
Progress(39) at 2026-05-04 21:47:02: 3,586,170,063 states generated (22,440,902 s/min), 1,347,489,129 distinct states found (8,151,060 ds/min), 19,686,382 states left on queue.
Progress(39) at 2026-05-04 21:48:02: 3,608,393,051 states generated (22,222,988 s/min), 1,355,492,689 distinct states found (8,003,560 ds/min), 15,585,851 states left on queue.
Progress(40) at 2026-05-04 21:49:02: 3,629,800,190 states generated (21,407,139 s/min), 1,363,217,758 distinct states found (7,725,069 ds/min), 11,424,812 states left on queue.
Progress(40) at 2026-05-04 21:50:02: 3,650,102,909 states generated (20,302,719 s/min), 1,370,487,419 distinct states found (7,269,661 ds/min), 6,942,787 states left on queue.
Progress(43) at 2026-05-04 21:51:02: 3,668,864,136 states generated (18,761,227 s/min), 1,377,159,261 distinct states found (6,671,842 ds/min), 2,079,957 states left on queue.
Model checking completed. No error has been found.
  Estimates of the probability that TLC did not check all reachable states
  because two distinct states had the same fingerprint:
  calculated (optimistic):  val = .17
  based on the actual fingerprints:  val = .071
3674908978 states generated, 1379280573 distinct states found, 0 states left on queue.
The depth of the complete state graph search is 48.
The average outdegree of the complete state graph is 1 (minimum is 0, the maximum 17 and the 95th percentile is 3).
Finished in 02h 17min at (2026-05-04 21:52:55)
